Build started 21.12.2018 14:31:52.
Environment at start of build:
ALLUSERSPROFILE = C:\ProgramData
APPDATA = C:\Users\Belousova_A\AppData\Roaming
asl.log = Destination=file
CommonProgramFiles = C:\Program Files (x86)\Common Files
CommonProgramFiles(x86) = C:\Program Files (x86)\Common Files
CommonProgramW6432 = C:\Program Files\Common Files
COMPUTERNAME = BELOUSOVAA
ComSpec = C:\Windows\system32\cmd.exe
FARHOME = C:\Program Files\Far Manager
FARLANG = English
FARLOCALPROFILE = C:\Users\Belousova_A\AppData\Local\Far Manager\Profile
FARPROFILE = C:\Users\Belousova_A\AppData\Roaming\Far Manager\Profile
FP_NO_HOST_CHECK = NO
HAXEPATH = d:\HaxeToolkit\haxe\
HOMEDRIVE = U:
HOMEPATH = \
HOMESHARE = \\pyramid\userbackup\Belousova_A
ICU46_BIN = D:\projects\src_8.2\icu46\bin
ICU46_INCLUDE = D:\projects\src_8.2\icu46\include
ICU46_LIB = D:\projects\src_8.2\icu46\lib
ICU46_LIB64 = D:\1c_prot\icu\lib64
Jre_HOME = d:\java
LOCALAPPDATA = C:\Users\Belousova_A\AppData\Local
LOGONSERVER = \\ECHO
MSBuildLoadMicrosoftTargetsReadOnly = true
NEKO_INSTPATH = d:\HaxeToolkit\neko
NUMBER_OF_PROCESSORS = 8
OS = Windows_NT
Path = D:\perl\site\bin;D:\perl\bin;C:\Program Files (x86)\Common Files\Oracle\Java\javapath;d:\Program Files (x86)\Embarcadero\Studio\15.0\bin;C:\Users\Public\Documents\Embarcadero\Studio\15.0\Bpl;d:\Program Files (x86)\Embarcadero\Studio\15.0\bin64;C:\Users\Public\Documents\Embarcadero\Studio\15.0\Bpl\Win64;d:\Program Files (x86)\Embarcadero\Studio\17.0\bin;C:\Users\Public\Documents\Embarcadero\Studio\17.0\Bpl;d:\Program Files (x86)\Embarcadero\Studio\17.0\bin64;C:\Users\Public\Documents\Embarcadero\Studio\17.0\Bpl\Win64;C:\ProgramData\Oracle\Java\javapath;C:\Program Files (x86)\Intel\iCLS Client\;C:\Program Files\Intel\iCLS Client\;C:\Windows\system32;C:\Windows;C:\Windows\System32\Wbem;C:\Windows\System32\WindowsPowerShell\v1.0\;C:\Program Files\Intel\Intel(R) Management Engine Components\DAL;C:\Program Files\Intel\Intel(R) Management Engine Components\IPT;C:\Program Files (x86)\Intel\Intel(R) Management Engine Components\DAL;C:\Program Files (x86)\Intel\Intel(R) Management Engine Components\IPT;C:\Program Files (x86)\Microsoft ASP.NET\ASP.NET Web Pages\v1.0\;D:\Program Files (x86)\Windows Kits\8.1\Windows Performance Toolkit\;D:\projects\src_8.2\build_tools;D:\projects\src_8.2\icu46\bin;C:\Program Files (x86)\Microsoft SQL Server\110\DTS\Binn\;D:\Program Files (x86)\Windows Kits\10\Windows Performance Toolkit\;C:\Windows\System32\WindowsPowerShell\v1.0\;C:\Program Files (x86)\Microsoft SQL Server\120\DTS\Binn\;C:\Program Files (x86)\Microsoft SQL Server\130\DTS\Binn\;C:\Program Files (x86)\Microsoft SQL Server\140\DTS\Binn\;C:\Program Files\dotnet\;d:\HaxeToolkit\haxe\;d:\HaxeToolkit\neko;C:\Program Files (x86)\Microsoft SQL Server\100\Tools\Binn\;C:\Program Files\Microsoft SQL Server\100\Tools\Binn\;C:\Program Files\Microsoft SQL Server\100\DTS\Binn\;C:\Program Files\TortoiseSVN\bin;C:\Program Files\Microsoft SQL Server\130\Tools\Binn\;C:\Program Files (x86)\Microsoft SQL Server\110\Tools\Binn\;C:\Program Files\Microsoft SQL Server\110\Tools\Binn\;C:\Program Files\Microsoft SQL Server\110\DTS\Binn\;C:\Program Files (x86)\Microsoft SQL Server\110\Tools\Binn\ManagementStudio\;C:\Program Files\PuTTY\;C:\Users\Belousova_A\AppData\Local\Programs\Python\Python37-32\Scripts\;C:\Users\Belousova_A\AppData\Local\Programs\Python\Python37-32\;C:\Program Files (x86)\Microsoft Visual Studio 12.0\VC\bin\;C:\Program Files\7-Zip;D:\Program Files (x86)\Dr. Memory\bin\;C:\Program Files (x86)\Nmap
PATHEXT = .COM;.EXE;.BAT;.CMD;.VBS;.VBE;.JS;.JSE;.WSF;.WSH;.MSC
PkgDefApplicationConfigFile = C:\Users\Belousova_A\AppData\Local\Microsoft\VisualStudio\14.0\devenv.exe.config
PROCESSOR_ARCHITECTURE = x86
PROCESSOR_ARCHITEW6432 = AMD64
PROCESSOR_IDENTIFIER = Intel64 Family 6 Model 60 Stepping 3, GenuineIntel
PROCESSOR_LEVEL = 6
PROCESSOR_REVISION = 3c03
ProgramData = C:\ProgramData
ProgramFiles = C:\Program Files (x86)
ProgramFiles(x86) = C:\Program Files (x86)
ProgramW6432 = C:\Program Files
PSModulePath = C:\Windows\system32\WindowsPowerShell\v1.0\Modules\;C:\Program Files (x86)\Microsoft SQL Server\110\Tools\PowerShell\Modules\
PUBLIC = C:\Users\Public
QtMsBuild = C:\Users\Belousova_A\AppData\Local\QtMsBuild
SESSIONNAME = Console
SystemDrive = C:
SystemRoot = C:\Windows
TEMP = C:\Users\BELOUS~1\AppData\Local\Temp
TMP = C:\Users\BELOUS~1\AppData\Local\Temp
USERDNSDOMAIN = DEPT07
USERDOMAIN = DEPT07
USERNAME = Belousova_A
USERPROFILE = C:\Users\Belousova_A
VBOX_MSI_INSTALL_PATH = D:\Program Files\Oracle\VirtualBox\
VisualStudioDir = C:\Users\Belousova_A\Documents\Visual Studio 2015
VisualStudioEdition = Microsoft Visual Studio Enterprise 2015
VisualStudioVersion = 14.0
VS100COMNTOOLS = C:\Program Files (x86)\Microsoft Visual Studio 10.0\Common7\Tools\
VS110COMNTOOLS = D:\Program Files (x86)\Microsoft Visual Studio 11.0\Common7\Tools\
VS120COMNTOOLS = C:\Program Files (x86)\Microsoft Visual Studio 12.0\Common7\Tools\
VS140COMNTOOLS = D:\Program Files (x86)\Microsoft Visual Studio 14.0\Common7\Tools\
VS90COMNTOOLS = C:\Program Files (x86)\Microsoft Visual Studio 9.0\Common7\Tools\
VSLANG = 1033
windir = C:\Windows
windows_tracing_flags = 3
windows_tracing_logfile = C:\BVTBin\Tests\installpackage\csilogfile.log
WINDROYEBOX_CFPATH = C:\ProgramData\WindroyeBox\.WindroyeBox

     1>Project "D:\projects\mon\mon\mon.vcxproj" on node 2 (Rebuild target(s)).
     1>_PrepareForClean:
         Deleting file "Release\mon.tlog\mon.lastbuildstate".
       InitializeBuildStatus:
         Creating "Release\mon.tlog\unsuccessfulbuild" because "AlwaysCreate" was specified.
       ClCompile:
         D:\Program Files (x86)\Microsoft Visual Studio 14.0\VC\bin\CL.exe /c /Zi /nologo /W3 /WX- /sdl /O2 /Oi /Oy- /GL /D WIN32 /D NDEBUG /D _CONSOLE /D _UNICODE /D UNICODE /Gm- /EHsc /MT /GS /Gy /fp:precise /Zc:wchar_t /Zc:forScope /Zc:inline /Yc"stdafx.h" /Fp"Release\mon.pch" /Fo"Release\\" /Fd"Release\vc140.pdb" /Gd /TP /analyze- /errorReport:prompt stdafx.cpp
         stdafx.cpp
         D:\Program Files (x86)\Microsoft Visual Studio 14.0\VC\bin\CL.exe /c /Zi /nologo /W3 /WX- /sdl /O2 /Oi /Oy- /GL /D WIN32 /D NDEBUG /D _CONSOLE /D _UNICODE /D UNICODE /Gm- /EHsc /MT /GS /Gy /fp:precise /Zc:wchar_t /Zc:forScope /Zc:inline /Yu"stdafx.h" /Fp"Release\mon.pch" /Fo"Release\\" /Fd"Release\vc140.pdb" /Gd /TP /analyze- /errorReport:prompt mon.cpp
         mon.cpp
     1>mon.cpp(180): warning C4101: 'szwFullFileNameLow': unreferenced local variable
     1>mon.cpp(269): warning C4477: 'printf' : format string '%d' requires an argument of type 'int', but variadic argument 2 has type 'HANDLE'
     1>mon.cpp(275): warning C4477: 'printf' : format string '%d' requires an argument of type 'int', but variadic argument 2 has type 'HANDLE'
       Link:
         D:\Program Files (x86)\Microsoft Visual Studio 14.0\VC\bin\link.exe /ERRORREPORT:PROMPT /OUT:"D:\projects\mon\Release\mon.exe" /INCREMENTAL:NO /NOLOGO Shlwapi.lib kernel32.lib user32.lib gdi32.lib winspool.lib comdlg32.lib advapi32.lib shell32.lib ole32.lib oleaut32.lib uuid.lib odbc32.lib odbccp32.lib kernel32.lib user32.lib gdi32.lib winspool.lib comdlg32.lib advapi32.lib shell32.lib ole32.lib oleaut32.lib uuid.lib odbc32.lib odbccp32.lib /MANIFEST /MANIFESTUAC:"level='asInvoker' uiAccess='false'" /manifest:embed /DEBUG /PDB:"D:\projects\mon\Release\mon.pdb" /SUBSYSTEM:CONSOLE /OPT:REF /OPT:ICF /LTCG:incremental /TLBID:1 /DYNAMICBASE /NXCOMPAT /IMPLIB:"D:\projects\mon\Release\mon.lib" /MACHINE:X86 /SAFESEH Release\mon.obj
         Release\stdafx.obj
         Generating code
         All 13 functions were compiled because no usable IPDB/IOBJ from previous compilation was found.
         Finished generating code
         mon.vcxproj -> D:\projects\mon\Release\mon.exe
         mon.vcxproj -> D:\projects\mon\Release\mon.pdb (Full PDB)
       FinalizeBuildStatus:
         Deleting file "Release\mon.tlog\unsuccessfulbuild".
         Touching "Release\mon.tlog\mon.lastbuildstate".
     1>Done Building Project "D:\projects\mon\mon\mon.vcxproj" (Rebuild target(s)).

Project Performance Summary:
     1530 ms  D:\projects\mon\mon\mon.vcxproj            1 calls
               1530 ms  Rebuild                                    1 calls

Target Performance Summary:
        0 ms  AfterRebuild                               1 calls
        0 ms  ComputeCLCompileGeneratedXDCFiles          1 calls
        0 ms  SelectCustomBuild                          1 calls
        0 ms  AfterClean                                 1 calls
        0 ms  ComputeManifestGeneratedLinkerInputs       1 calls
        0 ms  ResolveReferences                          1 calls
        0 ms  SelectClCompile                            1 calls
        0 ms  _CheckForCompileOutputs                    1 calls
        0 ms  GetResolvedWinMD                           1 calls
        0 ms  _Manifest                                  1 calls
        0 ms  CleanPublishFolder                         1 calls
        0 ms  AfterClCompile                             1 calls
        0 ms  CleanReferencedProjects                    1 calls
        0 ms  _Midl                                      1 calls
        0 ms  BuildCompile                               1 calls
        0 ms  BeforeClean                                1 calls
        0 ms  _ClCompile                                 1 calls
        0 ms  ModifyUnitTestPlatformVersion              1 calls
        0 ms  AfterCppClean                              1 calls
        0 ms  ComputeCLInputPDBName                      1 calls
        0 ms  BeforeLink                                 1 calls
        0 ms  AfterBuild                                 1 calls
        0 ms  AfterBuildCompileEvent                     1 calls
        0 ms  PostBuildEvent                             1 calls
        0 ms  ComputeManifestInputsTargets               1 calls
        0 ms  BuildCompileTraverse                       1 calls
        0 ms  Clean                                      1 calls
        0 ms  GetCopyToOutputDirectoryXamlAppDefs        1 calls
        0 ms  _CopySourceItemsToOutputDirectory          1 calls
        0 ms  ComputeLinkImportLibraryOutputsForClean    1 calls
        0 ms  AfterResourceCompile                       1 calls
        0 ms  PGInstrumentedClean                        1 calls
        0 ms  _Xsd                                       1 calls
        0 ms  AfterBuildGenerateSources                  1 calls
        0 ms  RegisterOutput                             1 calls
        0 ms  Rebuild                                    1 calls
        0 ms  MakeDirsForBscMake                         1 calls
        0 ms  ExpandSDKReferences                        1 calls
        0 ms  BeforeRebuild                              1 calls
        0 ms  _ResourceCompile                           1 calls
        0 ms  ComputeLinkInputsFromProject               1 calls
        0 ms  BeforeCppClean                             1 calls
        0 ms  _Link                                      1 calls
        0 ms  BuildLinkTraverse                          1 calls
        0 ms  ComputeRCOutputs                           1 calls
        0 ms  _XdcMake                                   1 calls
        0 ms  CreateSatelliteAssemblies                  1 calls
        0 ms  CopyFilesToOutputDirectory                 1 calls
        0 ms  ComputeCLCompileGeneratedSbrFiles          1 calls
        0 ms  MakeDirsForResourceCompile                 1 calls
        0 ms  _BuildLinkAction                           1 calls
        0 ms  ComputeMIDLGeneratedCompileInputs          1 calls
        0 ms  _BuildCompileAction                        1 calls
        0 ms  _PrepareForRebuild                         1 calls
        0 ms  ComputeRCGeneratedLinkInputs               1 calls
        0 ms  FinalizeBuildStatus                        1 calls
        0 ms  AfterLink                                  1 calls
        0 ms  PrepareResourceNames                       1 calls
        0 ms  ComputeCLOutputs                           1 calls
        0 ms  AfterBuildGenerateSourcesEvent             1 calls
        0 ms  BeforeClCompile                            1 calls
        0 ms  BuildGenerateSources                       1 calls
        0 ms  _SelectedFiles                             1 calls
        0 ms  AfterResolveReferences                     1 calls
        0 ms  BeforeResolveReferences                    1 calls
        0 ms  BuildLink                                  1 calls
        0 ms  _BuildGenerateSourcesAction                1 calls
        0 ms  MakeDirsForLink                            1 calls
        0 ms  PrepareForRun                              1 calls
        0 ms  PreBuildEvent                              1 calls
        0 ms  MakeDirsForMidl                            1 calls
        0 ms  BeforeResourceCompile                      1 calls
        0 ms  _Appverifier                               1 calls
        0 ms  _BscMake                                   1 calls
        0 ms  _ALink                                     1 calls
        0 ms  MakeDirsForXdcMake                         1 calls
        0 ms  PlatformPrepareForBuild                    1 calls
        0 ms  ResolvedXDCMake                            1 calls
        0 ms  BeforeBuildGenerateSources                 1 calls
        0 ms  Desktop_PlatformPrepareForBuild            1 calls
        0 ms  ComputeLegacyManifestEmbedding             1 calls
        0 ms  AfterMidl                                  1 calls
        0 ms  PreLinkEvent                               1 calls
        0 ms  ResolveSDKReferences                       1 calls
        0 ms  _GenerateSatelliteAssemblyInputs           1 calls
        0 ms  CppClean                                   1 calls
        0 ms  _Deploy                                    1 calls
        1 ms  ComputeLinkSwitches                        1 calls
        1 ms  ComputeCustomBuildOutput                   1 calls
        1 ms  GetFrameworkPaths                          1 calls
        1 ms  BuildGenerateSourcesTraverse               1 calls
        1 ms  _SplitProjectReferencesByFileExistence     1 calls
        1 ms  ResolveProjectReferences                   1 calls
        1 ms  ComputeCLGeneratedLinkInputs               1 calls
        1 ms  AssignTargetPaths                          1 calls
        1 ms  GetCopyToOutputDirectoryItems              1 calls
        1 ms  MakeDirsForCl                              1 calls
        1 ms  WarnCompileDuplicatedFilename              1 calls
        1 ms  SetBuildDefaultEnvironmentVariables        1 calls
        1 ms  ResolveAssemblyReferences                  1 calls
        1 ms  _PrepareForReferenceResolution             1 calls
        1 ms  CreateCustomManifestResourceNames          1 calls
        1 ms  GetReferenceAssemblyPaths                  1 calls
        1 ms  Build                                      1 calls
        1 ms  _PrepareForBuild                           1 calls
        1 ms  FixupCLCompileOptions                      1 calls
        1 ms  AssignProjectConfiguration                 1 calls
        1 ms  SplitResourcesByCulture                    1 calls
        1 ms  DoLinkOutputFilesMatch                     1 calls
        1 ms  ComputeReferenceCLInput                    1 calls
        1 ms  GetInstalledSDKLocations                   1 calls
        1 ms  _PrepareForClean                           1 calls
        1 ms  InitializeBuildStatus                      1 calls
        2 ms  PrepareForBuild                            1 calls
        3 ms  CoreClean                                  1 calls
        6 ms  _CheckForInvalidConfigurationAndPlatform   1 calls
       10 ms  CoreCppClean                               1 calls
       91 ms  SetCABuildNativeEnvironmentVariables       1 calls
      522 ms  Link                                       1 calls
      856 ms  ClCompile                                  1 calls

Build succeeded.

Time Elapsed 00:00:01.52
